빌드 시작: 2017-10-23 오후 9:52:46
     1>2 노드의 "C:\Users\caucse\Source\Repos\OOP17_2\prob1\prob1\prob1.vcxproj" 프로젝트(Build 대상)입니다.
     1>ClCompile:
         C:\Program Files (x86)\Microsoft Visual Studio 12.0\VC\bin\CL.exe /c /ZI /nologo /W3 /WX- /Od /Oy- /D WIN32 /D _DEBUG /D _CONSOLE /D _LIB /D _UNICODE /D UNICODE /Gm /EHsc /RTC1 /MDd /GS /fp:precise /Zc:wchar_t /Zc:forScope /Fo"Debug\\" /Fd"Debug\vc120.pdb" /Gd /TP /analyze- /errorReport:prompt inf_int.cpp
         inf_int.cpp
     1>c:\users\caucse\source\repos\oop17_2\prob1\prob1\inf_int.cpp(35): warning C4996: 'std::basic_string<char,std::char_traits<char>,std::allocator<char>>::copy': Function call with parameters that may be unsafe - this call relies on the caller to check that the passed values are correct. To disable this warning, use -D_SCL_SECURE_NO_WARNINGS. See documentation on how to use Visual C++ 'Checked Iterators'
                 c:\program files (x86)\microsoft visual studio 12.0\vc\include\xstring(1798) : 'std::basic_string<char,std::char_traits<char>,std::allocator<char>>::copy' 선언을 참조하십시오.
     1>c:\users\caucse\source\repos\oop17_2\prob1\prob1\inf_int.cpp(46): warning C4996: 'std::basic_string<char,std::char_traits<char>,std::allocator<char>>::copy': Function call with parameters that may be unsafe - this call relies on the caller to check that the passed values are correct. To disable this warning, use -D_SCL_SECURE_NO_WARNINGS. See documentation on how to use Visual C++ 'Checked Iterators'
                 c:\program files (x86)\microsoft visual studio 12.0\vc\include\xstring(1798) : 'std::basic_string<char,std::char_traits<char>,std::allocator<char>>::copy' 선언을 참조하십시오.
     1>c:\users\caucse\source\repos\oop17_2\prob1\prob1\inf_int.cpp(55): warning C4018: '<' : signed 또는 unsigned가 일치하지 않습니다.
     1>c:\users\caucse\source\repos\oop17_2\prob1\prob1\inf_int.cpp(79): warning C4996: 'std::basic_string<char,std::char_traits<char>,std::allocator<char>>::copy': Function call with parameters that may be unsafe - this call relies on the caller to check that the passed values are correct. To disable this warning, use -D_SCL_SECURE_NO_WARNINGS. See documentation on how to use Visual C++ 'Checked Iterators'
                 c:\program files (x86)\microsoft visual studio 12.0\vc\include\xstring(1798) : 'std::basic_string<char,std::char_traits<char>,std::allocator<char>>::copy' 선언을 참조하십시오.
     1>c:\users\caucse\source\repos\oop17_2\prob1\prob1\inf_int.cpp(142): warning C4018: '<' : signed 또는 unsigned가 일치하지 않습니다.
     1>c:\users\caucse\source\repos\oop17_2\prob1\prob1\inf_int.cpp(147): warning C4018: '<' : signed 또는 unsigned가 일치하지 않습니다.
     1>c:\users\caucse\source\repos\oop17_2\prob1\prob1\inf_int.cpp(199): warning C4018: '<' : signed 또는 unsigned가 일치하지 않습니다.
     1>c:\users\caucse\source\repos\oop17_2\prob1\prob1\inf_int.cpp(203): warning C4018: '<' : signed 또는 unsigned가 일치하지 않습니다.
       Link:
         C:\Program Files (x86)\Microsoft Visual Studio 12.0\VC\bin\link.exe /ERRORREPORT:PROMPT /OUT:"C:\Users\caucse\Source\Repos\OOP17_2\prob1\Debug\prob1.exe" /INCREMENTAL /NOLOGO kernel32.lib user32.lib gdi32.lib winspool.lib comdlg32.lib advapi32.lib shell32.lib ole32.lib oleaut32.lib uuid.lib odbc32.lib odbccp32.lib /MANIFEST /MANIFESTUAC:"level='asInvoker' uiAccess='false'" /manifest:embed /DEBUG /PDB:"C:\Users\caucse\Source\Repos\OOP17_2\prob1\Debug\prob1.pdb" /SUBSYSTEM:CONSOLE /TLBID:1 /DYNAMICBASE /NXCOMPAT /IMPLIB:"C:\Users\caucse\Source\Repos\OOP17_2\prob1\Debug\prob1.lib" /MACHINE:X86 Debug\inf_int.obj
         Debug\main.obj
         prob1.vcxproj -> C:\Users\caucse\Source\Repos\OOP17_2\prob1\Debug\prob1.exe
     1>"C:\Users\caucse\Source\Repos\OOP17_2\prob1\prob1\prob1.vcxproj" 프로젝트를 빌드했습니다(Build 대상).

빌드했습니다.

경과 시간: 00:00:00.51
